<?xml version="1.0" encoding="UTF-8"?>
<testsuites name="Login" time="23" tests="2" failures="0" errors="0">
   <testsuite name="Login" tests="2" failures="0" errors="0" time="23" timestamp="2018-04-23 12:48:53" hostname="icollado - V1PORT035.deustosistemas.local" id="Test Suites/Login">
      <properties>
         <property name="deviceName" value=""/>
         <property name="devicePlatform" value=""/>
         <property name="logFolder" value="C:\\Users\\icollado\\Katalon Studio\\kudelan\\Reports\\Login\\20180423_124841"/>
         <property name="logFiles" value="C:\\Users\\icollado\\Katalon Studio\\kudelan\\Reports\\Login\\20180423_124841\\execution0.log"/>
         <property name="attachments" value=""/>
         <property name="hostName" value="icollado - V1PORT035.deustosistemas.local"/>
         <property name="os" value="Windows 10 64bit"/>
         <property name="katalonVersion" value="5.4.0.1"/>
         <property name="browser" value="Chrome 66.0.3359.117"/>
         <property name="hostAddress" value="169.254.86.42"/>
         <property name="sessionId" value="95f41a473fad947d28ce329aa8f9a190"/>
         <property name="seleniumVersion" value="3.7.1"/>
         <property name="proxyInformation" value="ProxyInformation{proxyOption=NO_PROXY, proxyServerType=HTTP, password=, proxyServerAddress=, proxyServerPort=0}"/>
         <property name="platform" value="Windows 10"/>
      </properties>
      <testcase name="Test Cases/LoginKO" classname="Test Cases/LoginKO" status="PASSED">
         <system-out><![CDATA[2018-04-23 12:48:54 - [TEST_CASE][PASSED] - Test Cases/LoginKO: Test Cases/LoginKO

2018-04-23 12:48:54 - [TEST_STEP][PASSED] - openBrowser: Browser is opened with url: ''

2018-04-23 12:48:59 - [MESSAGE][PASSED] - Browser is opened with url: ''

2018-04-23 12:48:59 - [TEST_STEP][PASSED] - navigateToUrl: Navigate to 'http://desarrollo.lanbide.net:7001/lankuSolicitudesWar/login' successfully

2018-04-23 12:49:04 - [MESSAGE][PASSED] - Navigate to 'http://desarrollo.lanbide.net:7001/lankuSolicitudesWar/login' successfully

2018-04-23 12:49:04 - [TEST_STEP][PASSED] - setText: Text 'U03' is set on object 'Object Repository/input_usuario (1)'

2018-04-23 12:49:04 - [MESSAGE][PASSED] - Text 'U03' is set on object 'Object Repository/input_usuario (1)'

2018-04-23 12:49:04 - [TEST_STEP][PASSED] - setText: Text 'U0333' is set on object 'Object Repository/input_contrasena (1)'

2018-04-23 12:49:05 - [MESSAGE][PASSED] - Text 'U0333' is set on object 'Object Repository/input_contrasena (1)'

2018-04-23 12:49:05 - [TEST_STEP][PASSED] - click: Object: 'Object Repository/button_Entrar (1)' is clicked on

2018-04-23 12:49:05 - [MESSAGE][PASSED] - Object: 'Object Repository/button_Entrar (1)' is clicked on

2018-04-23 12:49:05 - [TEST_STEP][PASSED] - click: Object: 'Object Repository/p_Se ha producido un error a l' is clicked on

2018-04-23 12:49:06 - [MESSAGE][PASSED] - Object: 'Object Repository/p_Se ha producido un error a l' is clicked on

2018-04-23 12:49:06 - [TEST_STEP][PASSED] - click: Object: 'Object Repository/button_Aceptar' is clicked on

2018-04-23 12:49:06 - [MESSAGE][PASSED] - Object: 'Object Repository/button_Aceptar' is clicked on

2018-04-23 12:49:06 - [TEST_STEP][PASSED] - closeBrowser: Browser is closed

2018-04-23 12:49:07 - [MESSAGE][PASSED] - Browser is closed]]></system-out>
         <system-err><![CDATA[]]></system-err>
      </testcase>
      <testcase name="Test Cases/LoginOK" classname="Test Cases/LoginOK" status="PASSED">
         <system-out><![CDATA[2018-04-23 12:49:07 - [TEST_CASE][PASSED] - Test Cases/LoginOK: Test Cases/LoginOK

2018-04-23 12:49:07 - [TEST_STEP][PASSED] - openBrowser: Browser is opened with url: ''

2018-04-23 12:49:11 - [MESSAGE][PASSED] - Browser is opened with url: ''

2018-04-23 12:49:11 - [TEST_STEP][PASSED] - navigateToUrl: Navigate to 'http://desarrollo.lanbide.net:7001/lankuSolicitudesWar/login' successfully

2018-04-23 12:49:14 - [MESSAGE][PASSED] - Navigate to 'http://desarrollo.lanbide.net:7001/lankuSolicitudesWar/login' successfully

2018-04-23 12:49:14 - [TEST_STEP][PASSED] - setText: Text 'U03' is set on object 'Object Repository/input_usuario'

2018-04-23 12:49:14 - [MESSAGE][PASSED] - Text 'U03' is set on object 'Object Repository/input_usuario'

2018-04-23 12:49:14 - [TEST_STEP][PASSED] - setText: Text 'U03' is set on object 'Object Repository/input_contrasena'

2018-04-23 12:49:14 - [MESSAGE][PASSED] - Text 'U03' is set on object 'Object Repository/input_contrasena'

2018-04-23 12:49:14 - [TEST_STEP][PASSED] - click: Object: 'Object Repository/button_Entrar' is clicked on

2018-04-23 12:49:15 - [MESSAGE][PASSED] - Object: 'Object Repository/button_Entrar' is clicked on

2018-04-23 12:49:15 - [TEST_STEP][PASSED] - click: Object: 'Object Repository/span_Gestin de recursos genera' is clicked on

2018-04-23 12:49:16 - [MESSAGE][PASSED] - Object: 'Object Repository/span_Gestin de recursos genera' is clicked on

2018-04-23 12:49:16 - [TEST_STEP][PASSED] - closeBrowser: Browser is closed

2018-04-23 12:49:16 - [MESSAGE][PASSED] - Browser is closed]]></system-out>
         <system-err><![CDATA[]]></system-err>
      </testcase>
      <system-out><![CDATA[2018-04-23 12:48:53 - [TEST_SUITE][PASSED] - Login: Test Cases/LoginOK]]></system-out>
      <system-err><![CDATA[]]></system-err>
   </testsuite>
</testsuites>
