<?xml version="1.0" encoding="UTF-8"?>
<testsuites name="Login" time="58" tests="0" failures="1" errors="0">
   <testsuite name="Login" tests="0" failures="1" errors="0" time="58" timestamp="2018-04-23 11:21:53" hostname="icollado - V1PORT035.deustosistemas.local" id="Test Suites/Login/Login">
      <properties>
         <property name="deviceName" value=""/>
         <property name="devicePlatform" value=""/>
         <property name="logFolder" value="C:\\Users\\icollado\\Katalon Studio\\kudelan\\Reports\\Login\\Login\\20180423_112141"/>
         <property name="logFiles" value="C:\\Users\\icollado\\Katalon Studio\\kudelan\\Reports\\Login\\Login\\20180423_112141\\execution0.log"/>
         <property name="attachments" value="C:\\Users\\icollado\\Katalon Studio\\kudelan\\Reports\\Login\\Login\\20180423_112141\\1524475370890.png"/>
         <property name="hostName" value="icollado - V1PORT035.deustosistemas.local"/>
         <property name="os" value="Windows 10 64bit"/>
         <property name="katalonVersion" value="5.4.0.1"/>
         <property name="browser" value="Firefox 59.0"/>
         <property name="hostAddress" value="169.254.86.42"/>
         <property name="sessionId" value="340b5888-0ce5-4bde-a509-eb55b7ae5a95"/>
         <property name="seleniumVersion" value="3.7.1"/>
         <property name="proxyInformation" value="ProxyInformation{proxyOption=NO_PROXY, proxyServerType=HTTP, password=, proxyServerAddress=, proxyServerPort=0}"/>
         <property name="platform" value="Windows 10"/>
      </properties>
      <testcase name="Test Cases/LoginTestCase" classname="Test Cases/LoginTestCase" status="FAILED">
         <failure type="FAILED" message="Unable to click on object 'Object Repository/Page_kudelan - Lanbide (1)/img' (Root cause: org.openqa.selenium.ElementClickInterceptedException: Element &lt;img src=&quot;http://desarrollo.lanbide.net:7001/lankuStatics/lanku/images/fondo_kudelan.jpg&quot;> is not clickable at point (674.5083312988281,325) because another element &lt;p> obscures it
Build info: version: '3.7.1', revision: '8a0099a', time: '2017-11-06T21:07:36.161Z'
System info: host: 'V1PORT035', ip: '169.254.86.42', os.name: 'Windows 10', os.arch: 'amd64', os.version: '10.0', java.version: '1.8.0_102'
Driver info: com.kms.katalon.core.webui.driver.firefox.CGeckoDriver
Capabilities {acceptInsecureCerts: true, browserName: firefox, browserVersion: 59.0.2, javascriptEnabled: true, moz:accessibilityChecks: false, moz:headless: false, moz:processID: 3844, moz:profile: C:\Users\icollado\AppData\L..., moz:useNonSpecCompliantPointerOrigin: false, moz:webdriverClick: true, pageLoadStrategy: normal, platform: XP, platformName: XP, platformVersion: 10.0, proxy: Proxy(direct), rotatable: false, timeouts: {implicit: 0, pageLoad: 300000, script: 30000}}
Session ID: 340b5888-0ce5-4bde-a509-eb55b7ae5a95)"/>
         <system-out><![CDATA[2018-04-23 11:21:54 - [TEST_CASE][FAILED] - Test Cases/LoginTestCase: Test Cases/LoginTestCase FAILED because (of) Unable to click on object 'Object Repository/Page_kudelan - Lanbide (1)/img' (Root cause: org.openqa.selenium.ElementClickInterceptedException: Element <img src="http://desarrollo.lanbide.net:7001/lankuStatics/lanku/images/fondo_kudelan.jpg"> is not clickable at point (674.5083312988281,325) because another element <p> obscures it
Build info: version: '3.7.1', revision: '8a0099a', time: '2017-11-06T21:07:36.161Z'
System info: host: 'V1PORT035', ip: '169.254.86.42', os.name: 'Windows 10', os.arch: 'amd64', os.version: '10.0', java.version: '1.8.0_102'
Driver info: com.kms.katalon.core.webui.driver.firefox.CGeckoDriver
Capabilities {acceptInsecureCerts: true, browserName: firefox, browserVersion: 59.0.2, javascriptEnabled: true, moz:accessibilityChecks: false, moz:headless: false, moz:processID: 3844, moz:profile: C:\Users\icollado\AppData\L..., moz:useNonSpecCompliantPointerOrigin: false, moz:webdriverClick: true, pageLoadStrategy: normal, platform: XP, platformName: XP, platformVersion: 10.0, proxy: Proxy(direct), rotatable: false, timeouts: {implicit: 0, pageLoad: 300000, script: 30000}}
Session ID: 340b5888-0ce5-4bde-a509-eb55b7ae5a95)

2018-04-23 11:21:54 - [TEST_STEP][PASSED] - openBrowser: Browser is opened with url: ''

2018-04-23 11:22:35 - [MESSAGE][PASSED] - Browser is opened with url: ''

2018-04-23 11:22:35 - [TEST_STEP][PASSED] - navigateToUrl: Navigate to 'http://desarrollo.lanbide.net:7001/lankuSolicitudesWar/login' successfully

2018-04-23 11:22:41 - [MESSAGE][PASSED] - Navigate to 'http://desarrollo.lanbide.net:7001/lankuSolicitudesWar/login' successfully

2018-04-23 11:22:41 - [TEST_STEP][PASSED] - setText: Text 'U03' is set on object 'Object Repository/Page_kudelan - Lanbide (1)/input_usuario'

2018-04-23 11:22:42 - [MESSAGE][PASSED] - Text 'U03' is set on object 'Object Repository/Page_kudelan - Lanbide (1)/input_usuario'

2018-04-23 11:22:42 - [TEST_STEP][PASSED] - setText: Text 'U03' is set on object 'Object Repository/Page_kudelan - Lanbide (1)/input_contrasena'

2018-04-23 11:22:45 - [MESSAGE][PASSED] - Text 'U03' is set on object 'Object Repository/Page_kudelan - Lanbide (1)/input_contrasena'

2018-04-23 11:22:45 - [TEST_STEP][PASSED] - click: Object: 'Object Repository/Page_kudelan - Lanbide (1)/button_Entrar' is clicked on

2018-04-23 11:22:50 - [MESSAGE][PASSED] - Object: 'Object Repository/Page_kudelan - Lanbide (1)/button_Entrar' is clicked on

2018-04-23 11:22:50 - [TEST_STEP][FAILED] - click: Unable to click on object 'Object Repository/Page_kudelan - Lanbide (1)/img' (Root cause: org.openqa.selenium.ElementClickInterceptedException: Element <img src="http://desarrollo.lanbide.net:7001/lankuStatics/lanku/images/fondo_kudelan.jpg"> is not clickable at point (674.5083312988281,325) because another element <p> obscures it
Build info: version: '3.7.1', revision: '8a0099a', time: '2017-11-06T21:07:36.161Z'
System info: host: 'V1PORT035', ip: '169.254.86.42', os.name: 'Windows 10', os.arch: 'amd64', os.version: '10.0', java.version: '1.8.0_102'
Driver info: com.kms.katalon.core.webui.driver.firefox.CGeckoDriver
Capabilities {acceptInsecureCerts: true, browserName: firefox, browserVersion: 59.0.2, javascriptEnabled: true, moz:accessibilityChecks: false, moz:headless: false, moz:processID: 3844, moz:profile: C:\Users\icollado\AppData\L..., moz:useNonSpecCompliantPointerOrigin: false, moz:webdriverClick: true, pageLoadStrategy: normal, platform: XP, platformName: XP, platformVersion: 10.0, proxy: Proxy(direct), rotatable: false, timeouts: {implicit: 0, pageLoad: 300000, script: 30000}}
Session ID: 340b5888-0ce5-4bde-a509-eb55b7ae5a95)

2018-04-23 11:22:51 - [MESSAGE][FAILED] - Unable to click on object 'Object Repository/Page_kudelan - Lanbide (1)/img' (Root cause: org.openqa.selenium.ElementClickInterceptedException: Element <img src="http://desarrollo.lanbide.net:7001/lankuStatics/lanku/images/fondo_kudelan.jpg"> is not clickable at point (674.5083312988281,325) because another element <p> obscures it
Build info: version: '3.7.1', revision: '8a0099a', time: '2017-11-06T21:07:36.161Z'
System info: host: 'V1PORT035', ip: '169.254.86.42', os.name: 'Windows 10', os.arch: 'amd64', os.version: '10.0', java.version: '1.8.0_102'
Driver info: com.kms.katalon.core.webui.driver.firefox.CGeckoDriver
Capabilities {acceptInsecureCerts: true, browserName: firefox, browserVersion: 59.0.2, javascriptEnabled: true, moz:accessibilityChecks: false, moz:headless: false, moz:processID: 3844, moz:profile: C:\Users\icollado\AppData\L..., moz:useNonSpecCompliantPointerOrigin: false, moz:webdriverClick: true, pageLoadStrategy: normal, platform: XP, platformName: XP, platformVersion: 10.0, proxy: Proxy(direct), rotatable: false, timeouts: {implicit: 0, pageLoad: 300000, script: 30000}}
Session ID: 340b5888-0ce5-4bde-a509-eb55b7ae5a95)
[[ATTACHMENT|C:\\Users\\icollado\\Katalon Studio\\kudelan\\Reports\\Login\\Login\\20180423_112141\\1524475370890.png]]]]></system-out>
         <system-err><![CDATA[2018-04-23 11:21:54 - [TEST_CASE][FAILED] - Test Cases/LoginTestCase: Test Cases/LoginTestCase FAILED because (of) Unable to click on object 'Object Repository/Page_kudelan - Lanbide (1)/img' (Root cause: org.openqa.selenium.ElementClickInterceptedException: Element <img src="http://desarrollo.lanbide.net:7001/lankuStatics/lanku/images/fondo_kudelan.jpg"> is not clickable at point (674.5083312988281,325) because another element <p> obscures it
Build info: version: '3.7.1', revision: '8a0099a', time: '2017-11-06T21:07:36.161Z'
System info: host: 'V1PORT035', ip: '169.254.86.42', os.name: 'Windows 10', os.arch: 'amd64', os.version: '10.0', java.version: '1.8.0_102'
Driver info: com.kms.katalon.core.webui.driver.firefox.CGeckoDriver
Capabilities {acceptInsecureCerts: true, browserName: firefox, browserVersion: 59.0.2, javascriptEnabled: true, moz:accessibilityChecks: false, moz:headless: false, moz:processID: 3844, moz:profile: C:\Users\icollado\AppData\L..., moz:useNonSpecCompliantPointerOrigin: false, moz:webdriverClick: true, pageLoadStrategy: normal, platform: XP, platformName: XP, platformVersion: 10.0, proxy: Proxy(direct), rotatable: false, timeouts: {implicit: 0, pageLoad: 300000, script: 30000}}
Session ID: 340b5888-0ce5-4bde-a509-eb55b7ae5a95)]]></system-err>
      </testcase>
      <system-out><![CDATA[2018-04-23 11:21:53 - [TEST_SUITE][FAILED] - Login: Test Cases/LoginTestCase FAILED because (of) Unable to click on object 'Object Repository/Page_kudelan - Lanbide (1)/img' (Root cause: org.openqa.selenium.ElementClickInterceptedException: Element <img src="http://desarrollo.lanbide.net:7001/lankuStatics/lanku/images/fondo_kudelan.jpg"> is not clickable at point (674.5083312988281,325) because another element <p> obscures it
Build info: version: '3.7.1', revision: '8a0099a', time: '2017-11-06T21:07:36.161Z'
System info: host: 'V1PORT035', ip: '169.254.86.42', os.name: 'Windows 10', os.arch: 'amd64', os.version: '10.0', java.version: '1.8.0_102'
Driver info: com.kms.katalon.core.webui.driver.firefox.CGeckoDriver
Capabilities {acceptInsecureCerts: true, browserName: firefox, browserVersion: 59.0.2, javascriptEnabled: true, moz:accessibilityChecks: false, moz:headless: false, moz:processID: 3844, moz:profile: C:\Users\icollado\AppData\L..., moz:useNonSpecCompliantPointerOrigin: false, moz:webdriverClick: true, pageLoadStrategy: normal, platform: XP, platformName: XP, platformVersion: 10.0, proxy: Proxy(direct), rotatable: false, timeouts: {implicit: 0, pageLoad: 300000, script: 30000}}
Session ID: 340b5888-0ce5-4bde-a509-eb55b7ae5a95)]]></system-out>
      <system-err><![CDATA[2018-04-23 11:21:53 - [TEST_SUITE][FAILED] - Login: Test Cases/LoginTestCase FAILED because (of) Unable to click on object 'Object Repository/Page_kudelan - Lanbide (1)/img' (Root cause: org.openqa.selenium.ElementClickInterceptedException: Element <img src="http://desarrollo.lanbide.net:7001/lankuStatics/lanku/images/fondo_kudelan.jpg"> is not clickable at point (674.5083312988281,325) because another element <p> obscures it
Build info: version: '3.7.1', revision: '8a0099a', time: '2017-11-06T21:07:36.161Z'
System info: host: 'V1PORT035', ip: '169.254.86.42', os.name: 'Windows 10', os.arch: 'amd64', os.version: '10.0', java.version: '1.8.0_102'
Driver info: com.kms.katalon.core.webui.driver.firefox.CGeckoDriver
Capabilities {acceptInsecureCerts: true, browserName: firefox, browserVersion: 59.0.2, javascriptEnabled: true, moz:accessibilityChecks: false, moz:headless: false, moz:processID: 3844, moz:profile: C:\Users\icollado\AppData\L..., moz:useNonSpecCompliantPointerOrigin: false, moz:webdriverClick: true, pageLoadStrategy: normal, platform: XP, platformName: XP, platformVersion: 10.0, proxy: Proxy(direct), rotatable: false, timeouts: {implicit: 0, pageLoad: 300000, script: 30000}}
Session ID: 340b5888-0ce5-4bde-a509-eb55b7ae5a95)]]></system-err>
   </testsuite>
</testsuites>
