<?xml version="1.0" encoding="UTF-8"?>
<testsuites name="Login" time="68" tests="2" failures="0" errors="0">
   <testsuite name="Login" tests="2" failures="0" errors="0" time="68" timestamp="2018-04-23 14:00:31" hostname="inigocollado - 192.168.221.136" id="Test Suites/Login">
      <properties>
         <property name="deviceName" value=""/>
         <property name="devicePlatform" value=""/>
         <property name="logFolder" value="/Users/inigocollado/git/KudelanTest/Reports/Login/20180423_140029"/>
         <property name="logFiles" value="/Users/inigocollado/git/KudelanTest/Reports/Login/20180423_140029/execution0.log"/>
         <property name="attachments" value=""/>
         <property name="hostName" value="inigocollado - 192.168.221.136"/>
         <property name="os" value="Mac OS X 64bit"/>
         <property name="katalonVersion" value="5.4.0.1"/>
         <property name="browser" value="Firefox 58.0"/>
         <property name="hostAddress" value="192.168.221.136"/>
         <property name="sessionId" value="e47901f1-53ae-5245-9db3-dfb1af6e20cc"/>
         <property name="seleniumVersion" value="3.7.1"/>
         <property name="proxyInformation" value="ProxyInformation{proxyOption=NO_PROXY, proxyServerType=HTTP, password=, proxyServerAddress=, proxyServerPort=0}"/>
         <property name="platform" value="Mac OS X"/>
      </properties>
      <testcase name="Test Cases/LoginKO" classname="Test Cases/LoginKO" status="PASSED">
         <system-out><![CDATA[2018-04-23 14:00:31 - [TEST_CASE][PASSED] - Test Cases/LoginKO: Test Cases/LoginKO

2018-04-23 14:00:31 - [TEST_STEP][PASSED] - openBrowser: Browser is opened with url: ''

2018-04-23 14:00:36 - [MESSAGE][PASSED] - Browser is opened with url: ''

2018-04-23 14:00:36 - [TEST_STEP][PASSED] - navigateToUrl: Navigate to 'http://desarrollo.lanbide.net:7001/lankuSolicitudesWar/login' successfully

2018-04-23 14:00:59 - [MESSAGE][PASSED] - Navigate to 'http://desarrollo.lanbide.net:7001/lankuSolicitudesWar/login' successfully

2018-04-23 14:00:59 - [TEST_STEP][PASSED] - setText: Text 'U03' is set on object 'Object Repository/input_usuario (1)'

2018-04-23 14:00:59 - [MESSAGE][PASSED] - Text 'U03' is set on object 'Object Repository/input_usuario (1)'

2018-04-23 14:00:59 - [TEST_STEP][PASSED] - setText: Text 'U0333' is set on object 'Object Repository/input_contrasena (1)'

2018-04-23 14:00:59 - [MESSAGE][PASSED] - Text 'U0333' is set on object 'Object Repository/input_contrasena (1)'

2018-04-23 14:00:59 - [TEST_STEP][PASSED] - click: Object: 'Object Repository/button_Entrar (1)' is clicked on

2018-04-23 14:01:01 - [MESSAGE][PASSED] - Object: 'Object Repository/button_Entrar (1)' is clicked on

2018-04-23 14:01:01 - [TEST_STEP][PASSED] - click: Object: 'Object Repository/p_Se ha producido un error a l' is clicked on

2018-04-23 14:01:02 - [MESSAGE][PASSED] - Object: 'Object Repository/p_Se ha producido un error a l' is clicked on

2018-04-23 14:01:02 - [TEST_STEP][PASSED] - click: Object: 'Object Repository/button_Aceptar' is clicked on

2018-04-23 14:01:02 - [MESSAGE][PASSED] - Object: 'Object Repository/button_Aceptar' is clicked on

2018-04-23 14:01:02 - [TEST_STEP][PASSED] - closeBrowser: Browser is closed

2018-04-23 14:01:02 - [MESSAGE][PASSED] - Browser is closed]]></system-out>
         <system-err><![CDATA[]]></system-err>
      </testcase>
      <testcase name="Test Cases/LoginOK" classname="Test Cases/LoginOK" status="PASSED">
         <system-out><![CDATA[2018-04-23 14:01:02 - [TEST_CASE][PASSED] - Test Cases/LoginOK: Test Cases/LoginOK

2018-04-23 14:01:02 - [TEST_STEP][PASSED] - openBrowser: Browser is opened with url: ''

2018-04-23 14:01:05 - [MESSAGE][PASSED] - Browser is opened with url: ''

2018-04-23 14:01:05 - [TEST_STEP][PASSED] - navigateToUrl: Navigate to 'http://desarrollo.lanbide.net:7001/lankuSolicitudesWar/login' successfully

2018-04-23 14:01:37 - [MESSAGE][PASSED] - Navigate to 'http://desarrollo.lanbide.net:7001/lankuSolicitudesWar/login' successfully

2018-04-23 14:01:37 - [TEST_STEP][PASSED] - setText: Text 'U03' is set on object 'Object Repository/input_usuario'

2018-04-23 14:01:37 - [MESSAGE][PASSED] - Text 'U03' is set on object 'Object Repository/input_usuario'

2018-04-23 14:01:37 - [TEST_STEP][PASSED] - setText: Text 'U03' is set on object 'Object Repository/input_contrasena'

2018-04-23 14:01:37 - [MESSAGE][PASSED] - Text 'U03' is set on object 'Object Repository/input_contrasena'

2018-04-23 14:01:37 - [TEST_STEP][PASSED] - click: Object: 'Object Repository/button_Entrar' is clicked on

2018-04-23 14:01:39 - [MESSAGE][PASSED] - Object: 'Object Repository/button_Entrar' is clicked on

2018-04-23 14:01:39 - [TEST_STEP][PASSED] - click: Object: 'Object Repository/span_Gestin de recursos genera' is clicked on

2018-04-23 14:01:39 - [MESSAGE][PASSED] - Object: 'Object Repository/span_Gestin de recursos genera' is clicked on

2018-04-23 14:01:39 - [TEST_STEP][PASSED] - closeBrowser: Browser is closed

2018-04-23 14:01:39 - [MESSAGE][PASSED] - Browser is closed]]></system-out>
         <system-err><![CDATA[]]></system-err>
      </testcase>
      <system-out><![CDATA[2018-04-23 14:00:31 - [TEST_SUITE][PASSED] - Login: Test Cases/LoginOK]]></system-out>
      <system-err><![CDATA[]]></system-err>
   </testsuite>
</testsuites>
