<?xml version="1.0" encoding="UTF-8"?>
<testsuites name="Login" time="12" tests="0" failures="1" errors="0">
   <testsuite name="Login" tests="0" failures="1" errors="0" time="12" timestamp="2018-04-23 12:16:45" hostname="inigocollado - 192.168.221.136" id="Test Suites/Login">
      <properties>
         <property name="deviceName" value=""/>
         <property name="devicePlatform" value=""/>
         <property name="logFolder" value="/Users/inigocollado/git/KudelanTest/Reports/Login/20180423_121643"/>
         <property name="logFiles" value="/Users/inigocollado/git/KudelanTest/Reports/Login/20180423_121643/execution0.log"/>
         <property name="attachments" value="/Users/inigocollado/git/KudelanTest/Reports/Login/20180423_121643/1524478616989.png"/>
         <property name="hostName" value="inigocollado - 192.168.221.136"/>
         <property name="os" value="Mac OS X 64bit"/>
         <property name="katalonVersion" value="5.4.0.1"/>
         <property name="browser" value="Firefox 58.0"/>
         <property name="hostAddress" value="192.168.221.136"/>
         <property name="sessionId" value="59d1e8f6-032d-3743-9244-e0edbc2d1de4"/>
         <property name="seleniumVersion" value="3.7.1"/>
         <property name="proxyInformation" value="ProxyInformation{proxyOption=NO_PROXY, proxyServerType=HTTP, password=, proxyServerAddress=, proxyServerPort=0}"/>
         <property name="platform" value="Mac OS X"/>
      </properties>
      <testcase name="Test Cases/LoginTestCase" classname="Test Cases/LoginTestCase" status="FAILED">
         <failure type="FAILED" message="Unable to click on object 'Object Repository/Page_kudelan - Lanbide (1)/img' (Root cause: org.openqa.selenium.ElementClickInterceptedException: Element &lt;img src=&quot;http://desarrollo.lanbide.net:7001/lankuStatics/lanku/images/fondo_kudelan.jpg&quot;> is not clickable at point (640.0083312988281,325) because another element &lt;p> obscures it
Build info: version: '3.7.1', revision: '8a0099a', time: '2017-11-06T21:07:36.161Z'
System info: host: 'MacBook-Pro-de-Inigo.local', ip: 'fe80:0:0:0:cd9:5011:dba2:e9ad%en0', os.name: 'Mac OS X', os.arch: 'x86_64', os.version: '10.13.4', java.version: '1.8.0_102'
Driver info: com.kms.katalon.core.webui.driver.firefox.CGeckoDriver
Capabilities {acceptInsecureCerts: true, browserName: firefox, browserVersion: 58.0.2, javascriptEnabled: true, moz:accessibilityChecks: false, moz:headless: false, moz:processID: 978, moz:profile: /var/folders/cy/cbmf37t544j..., moz:webdriverClick: true, pageLoadStrategy: normal, platform: MAC, platformName: MAC, platformVersion: 17.5.0, proxy: Proxy(direct), rotatable: false, timeouts: {implicit: 0, pageLoad: 300000, script: 30000}}
Session ID: 59d1e8f6-032d-3743-9244-e0edbc2d1de4)"/>
         <system-out><![CDATA[2018-04-23 12:16:46 - [TEST_CASE][FAILED] - Test Cases/LoginTestCase: Test Cases/LoginTestCase FAILED because (of) Unable to click on object 'Object Repository/Page_kudelan - Lanbide (1)/img' (Root cause: org.openqa.selenium.ElementClickInterceptedException: Element <img src="http://desarrollo.lanbide.net:7001/lankuStatics/lanku/images/fondo_kudelan.jpg"> is not clickable at point (640.0083312988281,325) because another element <p> obscures it
Build info: version: '3.7.1', revision: '8a0099a', time: '2017-11-06T21:07:36.161Z'
System info: host: 'MacBook-Pro-de-Inigo.local', ip: 'fe80:0:0:0:cd9:5011:dba2:e9ad%en0', os.name: 'Mac OS X', os.arch: 'x86_64', os.version: '10.13.4', java.version: '1.8.0_102'
Driver info: com.kms.katalon.core.webui.driver.firefox.CGeckoDriver
Capabilities {acceptInsecureCerts: true, browserName: firefox, browserVersion: 58.0.2, javascriptEnabled: true, moz:accessibilityChecks: false, moz:headless: false, moz:processID: 978, moz:profile: /var/folders/cy/cbmf37t544j..., moz:webdriverClick: true, pageLoadStrategy: normal, platform: MAC, platformName: MAC, platformVersion: 17.5.0, proxy: Proxy(direct), rotatable: false, timeouts: {implicit: 0, pageLoad: 300000, script: 30000}}
Session ID: 59d1e8f6-032d-3743-9244-e0edbc2d1de4)

2018-04-23 12:16:46 - [TEST_STEP][PASSED] - openBrowser: Browser is opened with url: ''

2018-04-23 12:16:50 - [MESSAGE][PASSED] - Browser is opened with url: ''

2018-04-23 12:16:50 - [TEST_STEP][PASSED] - navigateToUrl: Navigate to 'http://desarrollo.lanbide.net:7001/lankuSolicitudesWar/login' successfully

2018-04-23 12:16:54 - [MESSAGE][PASSED] - Navigate to 'http://desarrollo.lanbide.net:7001/lankuSolicitudesWar/login' successfully

2018-04-23 12:16:54 - [TEST_STEP][PASSED] - setText: Text 'U03' is set on object 'Object Repository/Page_kudelan - Lanbide (1)/input_usuario'

2018-04-23 12:16:54 - [MESSAGE][PASSED] - Text 'U03' is set on object 'Object Repository/Page_kudelan - Lanbide (1)/input_usuario'

2018-04-23 12:16:54 - [TEST_STEP][PASSED] - setText: Text 'U03' is set on object 'Object Repository/Page_kudelan - Lanbide (1)/input_contrasena'

2018-04-23 12:16:54 - [MESSAGE][PASSED] - Text 'U03' is set on object 'Object Repository/Page_kudelan - Lanbide (1)/input_contrasena'

2018-04-23 12:16:54 - [TEST_STEP][PASSED] - click: Object: 'Object Repository/Page_kudelan - Lanbide (1)/button_Entrar' is clicked on

2018-04-23 12:16:56 - [MESSAGE][PASSED] - Object: 'Object Repository/Page_kudelan - Lanbide (1)/button_Entrar' is clicked on

2018-04-23 12:16:56 - [TEST_STEP][FAILED] - click: Unable to click on object 'Object Repository/Page_kudelan - Lanbide (1)/img' (Root cause: org.openqa.selenium.ElementClickInterceptedException: Element <img src="http://desarrollo.lanbide.net:7001/lankuStatics/lanku/images/fondo_kudelan.jpg"> is not clickable at point (640.0083312988281,325) because another element <p> obscures it
Build info: version: '3.7.1', revision: '8a0099a', time: '2017-11-06T21:07:36.161Z'
System info: host: 'MacBook-Pro-de-Inigo.local', ip: 'fe80:0:0:0:cd9:5011:dba2:e9ad%en0', os.name: 'Mac OS X', os.arch: 'x86_64', os.version: '10.13.4', java.version: '1.8.0_102'
Driver info: com.kms.katalon.core.webui.driver.firefox.CGeckoDriver
Capabilities {acceptInsecureCerts: true, browserName: firefox, browserVersion: 58.0.2, javascriptEnabled: true, moz:accessibilityChecks: false, moz:headless: false, moz:processID: 978, moz:profile: /var/folders/cy/cbmf37t544j..., moz:webdriverClick: true, pageLoadStrategy: normal, platform: MAC, platformName: MAC, platformVersion: 17.5.0, proxy: Proxy(direct), rotatable: false, timeouts: {implicit: 0, pageLoad: 300000, script: 30000}}
Session ID: 59d1e8f6-032d-3743-9244-e0edbc2d1de4)

2018-04-23 12:16:58 - [MESSAGE][FAILED] - Unable to click on object 'Object Repository/Page_kudelan - Lanbide (1)/img' (Root cause: org.openqa.selenium.ElementClickInterceptedException: Element <img src="http://desarrollo.lanbide.net:7001/lankuStatics/lanku/images/fondo_kudelan.jpg"> is not clickable at point (640.0083312988281,325) because another element <p> obscures it
Build info: version: '3.7.1', revision: '8a0099a', time: '2017-11-06T21:07:36.161Z'
System info: host: 'MacBook-Pro-de-Inigo.local', ip: 'fe80:0:0:0:cd9:5011:dba2:e9ad%en0', os.name: 'Mac OS X', os.arch: 'x86_64', os.version: '10.13.4', java.version: '1.8.0_102'
Driver info: com.kms.katalon.core.webui.driver.firefox.CGeckoDriver
Capabilities {acceptInsecureCerts: true, browserName: firefox, browserVersion: 58.0.2, javascriptEnabled: true, moz:accessibilityChecks: false, moz:headless: false, moz:processID: 978, moz:profile: /var/folders/cy/cbmf37t544j..., moz:webdriverClick: true, pageLoadStrategy: normal, platform: MAC, platformName: MAC, platformVersion: 17.5.0, proxy: Proxy(direct), rotatable: false, timeouts: {implicit: 0, pageLoad: 300000, script: 30000}}
Session ID: 59d1e8f6-032d-3743-9244-e0edbc2d1de4)
[[ATTACHMENT|/Users/inigocollado/git/KudelanTest/Reports/Login/20180423_121643/1524478616989.png]]]]></system-out>
         <system-err><![CDATA[2018-04-23 12:16:46 - [TEST_CASE][FAILED] - Test Cases/LoginTestCase: Test Cases/LoginTestCase FAILED because (of) Unable to click on object 'Object Repository/Page_kudelan - Lanbide (1)/img' (Root cause: org.openqa.selenium.ElementClickInterceptedException: Element <img src="http://desarrollo.lanbide.net:7001/lankuStatics/lanku/images/fondo_kudelan.jpg"> is not clickable at point (640.0083312988281,325) because another element <p> obscures it
Build info: version: '3.7.1', revision: '8a0099a', time: '2017-11-06T21:07:36.161Z'
System info: host: 'MacBook-Pro-de-Inigo.local', ip: 'fe80:0:0:0:cd9:5011:dba2:e9ad%en0', os.name: 'Mac OS X', os.arch: 'x86_64', os.version: '10.13.4', java.version: '1.8.0_102'
Driver info: com.kms.katalon.core.webui.driver.firefox.CGeckoDriver
Capabilities {acceptInsecureCerts: true, browserName: firefox, browserVersion: 58.0.2, javascriptEnabled: true, moz:accessibilityChecks: false, moz:headless: false, moz:processID: 978, moz:profile: /var/folders/cy/cbmf37t544j..., moz:webdriverClick: true, pageLoadStrategy: normal, platform: MAC, platformName: MAC, platformVersion: 17.5.0, proxy: Proxy(direct), rotatable: false, timeouts: {implicit: 0, pageLoad: 300000, script: 30000}}
Session ID: 59d1e8f6-032d-3743-9244-e0edbc2d1de4)]]></system-err>
      </testcase>
      <system-out><![CDATA[2018-04-23 12:16:45 - [TEST_SUITE][FAILED] - Login: Test Cases/LoginTestCase FAILED because (of) Unable to click on object 'Object Repository/Page_kudelan - Lanbide (1)/img' (Root cause: org.openqa.selenium.ElementClickInterceptedException: Element <img src="http://desarrollo.lanbide.net:7001/lankuStatics/lanku/images/fondo_kudelan.jpg"> is not clickable at point (640.0083312988281,325) because another element <p> obscures it
Build info: version: '3.7.1', revision: '8a0099a', time: '2017-11-06T21:07:36.161Z'
System info: host: 'MacBook-Pro-de-Inigo.local', ip: 'fe80:0:0:0:cd9:5011:dba2:e9ad%en0', os.name: 'Mac OS X', os.arch: 'x86_64', os.version: '10.13.4', java.version: '1.8.0_102'
Driver info: com.kms.katalon.core.webui.driver.firefox.CGeckoDriver
Capabilities {acceptInsecureCerts: true, browserName: firefox, browserVersion: 58.0.2, javascriptEnabled: true, moz:accessibilityChecks: false, moz:headless: false, moz:processID: 978, moz:profile: /var/folders/cy/cbmf37t544j..., moz:webdriverClick: true, pageLoadStrategy: normal, platform: MAC, platformName: MAC, platformVersion: 17.5.0, proxy: Proxy(direct), rotatable: false, timeouts: {implicit: 0, pageLoad: 300000, script: 30000}}
Session ID: 59d1e8f6-032d-3743-9244-e0edbc2d1de4)]]></system-out>
      <system-err><![CDATA[2018-04-23 12:16:45 - [TEST_SUITE][FAILED] - Login: Test Cases/LoginTestCase FAILED because (of) Unable to click on object 'Object Repository/Page_kudelan - Lanbide (1)/img' (Root cause: org.openqa.selenium.ElementClickInterceptedException: Element <img src="http://desarrollo.lanbide.net:7001/lankuStatics/lanku/images/fondo_kudelan.jpg"> is not clickable at point (640.0083312988281,325) because another element <p> obscures it
Build info: version: '3.7.1', revision: '8a0099a', time: '2017-11-06T21:07:36.161Z'
System info: host: 'MacBook-Pro-de-Inigo.local', ip: 'fe80:0:0:0:cd9:5011:dba2:e9ad%en0', os.name: 'Mac OS X', os.arch: 'x86_64', os.version: '10.13.4', java.version: '1.8.0_102'
Driver info: com.kms.katalon.core.webui.driver.firefox.CGeckoDriver
Capabilities {acceptInsecureCerts: true, browserName: firefox, browserVersion: 58.0.2, javascriptEnabled: true, moz:accessibilityChecks: false, moz:headless: false, moz:processID: 978, moz:profile: /var/folders/cy/cbmf37t544j..., moz:webdriverClick: true, pageLoadStrategy: normal, platform: MAC, platformName: MAC, platformVersion: 17.5.0, proxy: Proxy(direct), rotatable: false, timeouts: {implicit: 0, pageLoad: 300000, script: 30000}}
Session ID: 59d1e8f6-032d-3743-9244-e0edbc2d1de4)]]></system-err>
   </testsuite>
</testsuites>
